[2025-02-28 10:58:02] TRACE [main] o.s.s.c.a.a.c.AuthenticationConfiguration$EnableGlobalAuthenticationAutowiredConfigurer - Eagerly initializing {securityConfig=com.example.security.SecurityConfig$$SpringCGLIB$$0@11120583}
[2025-02-28 10:58:02] INFO  [main] o.s.s.c.a.a.c.InitializeUserDetailsBeanManagerConfigurer$InitializeUserDetailsManagerConfigurer - Global AuthenticationManager configured with UserDetailsService bean with name inMemoryUserDetailsManager
[2025-02-28 10:58:02] WARN  [main] o.s.s.c.a.w.c.AuthorizeHttpRequestsConfigurer$AuthorizationManagerRequestMatcherRegistry - One of the patterns in [/hello, loginForm, /fail] is missing a leading slash. This is discouraged; please include the leading slash in all your request matcher patterns. In future versions of Spring Security, leaving out the leading slash will result in an exception.
[2025-02-28 10:58:02] DEBUG [main] o.s.s.web.DefaultSecurityFilterChain - Will secure any request with filters: DisableEncodeUrlFilter, WebAsyncManagerIntegrationFilter, SecurityContextHolderFilter, HeaderWriterFilter, CsrfFilter, LogoutFilter, UsernamePasswordAuthenticationFilter, DefaultResourcesFilter, DefaultLoginPageGeneratingFilter, DefaultLogoutPageGeneratingFilter, RequestCacheAwareFilter, SecurityContextHolderAwareRequestFilter, AnonymousAuthenticationFilter, ExceptionTranslationFilter, AuthorizationFilter
[2025-02-28 10:58:12] TRACE [http-nio-8080-exec-1] o.s.security.web.FilterChainProxy - Trying to match request against DefaultSecurityFilterChain defined as 'securityFilterChain' in [class path resource [com/example/security/SecurityConfig.class]] matching [any request] and having filters [DisableEncodeUrl, WebAsyncManagerIntegration, SecurityContextHolder, HeaderWriter, Csrf, Logout, UsernamePasswordAuthentication, DefaultResources, DefaultLoginPageGenerating, DefaultLogoutPageGenerating, RequestCacheAware, SecurityContextHolderAwareRequest, AnonymousAuthentication, ExceptionTranslation, Authorization] (1/1)
[2025-02-28 10:58:12] DEBUG [http-nio-8080-exec-1] o.s.security.web.FilterChainProxy - Securing GET /info
[2025-02-28 10:58:12] TRACE [http-nio-8080-exec-1] o.s.security.web.FilterChainProxy - Invoking DisableEncodeUrlFilter (1/15)
[2025-02-28 10:58:12] TRACE [http-nio-8080-exec-1] o.s.security.web.FilterChainProxy - Invoking WebAsyncManagerIntegrationFilter (2/15)
[2025-02-28 10:58:12] TRACE [http-nio-8080-exec-1] o.s.security.web.FilterChainProxy - Invoking SecurityContextHolderFilter (3/15)
[2025-02-28 10:58:12] TRACE [http-nio-8080-exec-1] o.s.security.web.FilterChainProxy - Invoking HeaderWriterFilter (4/15)
[2025-02-28 10:58:12] TRACE [http-nio-8080-exec-1] o.s.security.web.FilterChainProxy - Invoking CsrfFilter (5/15)
[2025-02-28 10:58:12] TRACE [http-nio-8080-exec-1] o.s.security.web.csrf.CsrfFilter - Did not protect against CSRF since request did not match CsrfNotRequired [TRACE, HEAD, GET, OPTIONS]
[2025-02-28 10:58:12] TRACE [http-nio-8080-exec-1] o.s.security.web.FilterChainProxy - Invoking LogoutFilter (6/15)
[2025-02-28 10:58:12] TRACE [http-nio-8080-exec-1] o.s.s.w.a.logout.LogoutFilter - Did not match request to Ant [pattern='/logout', POST]
[2025-02-28 10:58:12] TRACE [http-nio-8080-exec-1] o.s.security.web.FilterChainProxy - Invoking UsernamePasswordAuthenticationFilter (7/15)
[2025-02-28 10:58:12] TRACE [http-nio-8080-exec-1] o.s.s.w.a.UsernamePasswordAuthenticationFilter - Did not match request to Ant [pattern='/login_proc', POST]
[2025-02-28 10:58:12] TRACE [http-nio-8080-exec-1] o.s.security.web.FilterChainProxy - Invoking DefaultResourcesFilter (8/15)
[2025-02-28 10:58:12] TRACE [http-nio-8080-exec-1] o.s.security.web.FilterChainProxy - Invoking DefaultLoginPageGeneratingFilter (9/15)
[2025-02-28 10:58:12] TRACE [http-nio-8080-exec-1] o.s.security.web.FilterChainProxy - Invoking DefaultLogoutPageGeneratingFilter (10/15)
[2025-02-28 10:58:12] TRACE [http-nio-8080-exec-1] o.s.s.w.a.u.DefaultLogoutPageGeneratingFilter - Did not render default logout page since request did not match [Ant [pattern='/logout', GET]]
[2025-02-28 10:58:12] TRACE [http-nio-8080-exec-1] o.s.security.web.FilterChainProxy - Invoking RequestCacheAwareFilter (11/15)
[2025-02-28 10:58:12] TRACE [http-nio-8080-exec-1] o.s.s.w.s.HttpSessionRequestCache - matchingRequestParameterName is required for getMatchingRequest to lookup a value, but not provided
[2025-02-28 10:58:12] TRACE [http-nio-8080-exec-1] o.s.security.web.FilterChainProxy - Invoking SecurityContextHolderAwareRequestFilter (12/15)
[2025-02-28 10:58:12] TRACE [http-nio-8080-exec-1] o.s.security.web.FilterChainProxy - Invoking AnonymousAuthenticationFilter (13/15)
[2025-02-28 10:58:12] TRACE [http-nio-8080-exec-1] o.s.security.web.FilterChainProxy - Invoking ExceptionTranslationFilter (14/15)
[2025-02-28 10:58:12] TRACE [http-nio-8080-exec-1] o.s.security.web.FilterChainProxy - Invoking AuthorizationFilter (15/15)
[2025-02-28 10:58:12] TRACE [http-nio-8080-exec-1] o.s.s.w.a.i.RequestMatcherDelegatingAuthorizationManager - Authorizing GET /info
[2025-02-28 10:58:12] TRACE [http-nio-8080-exec-1] o.s.s.w.a.i.RequestMatcherDelegatingAuthorizationManager - Checking authorization on GET /info using org.springframework.security.authorization.AuthenticatedAuthorizationManager@4e9701aa
[2025-02-28 10:58:12] TRACE [http-nio-8080-exec-1] o.s.s.w.c.HttpSessionSecurityContextRepository - No HttpSession currently exists
[2025-02-28 10:58:12] TRACE [http-nio-8080-exec-1] o.s.s.w.c.SupplierDeferredSecurityContext - Created SecurityContextImpl [Null authentication]
[2025-02-28 10:58:12] TRACE [http-nio-8080-exec-1] o.s.s.w.c.SupplierDeferredSecurityContext - Created SecurityContextImpl [Null authentication]
[2025-02-28 10:58:12] TRACE [http-nio-8080-exec-1] o.s.s.w.a.AnonymousAuthenticationFilter - Set SecurityContextHolder to AnonymousAuthenticationToken [Principal=anonymousUser, Credentials=[PROTECTED], Authenticated=true, Details=WebAuthenticationDetails [RemoteIpAddress=0:0:0:0:0:0:0:1, SessionId=null], Granted Authorities=[ROLE_ANONYMOUS]]
[2025-02-28 10:58:12] TRACE [http-nio-8080-exec-1] o.s.s.w.a.ExceptionTranslationFilter - Sending AnonymousAuthenticationToken [Principal=anonymousUser, Credentials=[PROTECTED], Authenticated=true, Details=WebAuthenticationDetails [RemoteIpAddress=0:0:0:0:0:0:0:1, SessionId=null], Granted Authorities=[ROLE_ANONYMOUS]] to authentication entry point since access is denied
org.springframework.security.authorization.AuthorizationDeniedException: Access Denied
	at org.springframework.security.web.access.intercept.AuthorizationFilter.doFilter(AuthorizationFilter.java:99)
	at org.springframework.security.web.FilterChainProxy$VirtualFilterChain.doFilter(FilterChainProxy.java:374)
	at org.springframework.security.web.access.ExceptionTranslationFilter.doFilter(ExceptionTranslationFilter.java:126)
	at org.springframework.security.web.access.ExceptionTranslationFilter.doFilter(ExceptionTranslationFilter.java:120)
	at org.springframework.security.web.FilterChainProxy$VirtualFilterChain.doFilter(FilterChainProxy.java:374)
	at org.springframework.security.web.authentication.AnonymousAuthenticationFilter.doFilter(AnonymousAuthenticationFilter.java:100)
	at org.springframework.security.web.FilterChainProxy$VirtualFilterChain.doFilter(FilterChainProxy.java:374)
	at org.springframework.security.web.servletapi.SecurityContextHolderAwareRequestFilter.doFilter(SecurityContextHolderAwareRequestFilter.java:179)
	at org.springframework.security.web.FilterChainProxy$VirtualFilterChain.doFilter(FilterChainProxy.java:374)
	at org.springframework.security.web.savedrequest.RequestCacheAwareFilter.doFilter(RequestCacheAwareFilter.java:63)
	at org.springframework.security.web.FilterChainProxy$VirtualFilterChain.doFilter(FilterChainProxy.java:374)
	at org.springframework.security.web.authentication.ui.DefaultLogoutPageGeneratingFilter.doFilterInternal(DefaultLogoutPageGeneratingFilter.java:58)
	at org.springframework.web.filter.OncePerRequestFilter.doFilter(OncePerRequestFilter.java:116)
	at org.springframework.security.web.FilterChainProxy$VirtualFilterChain.doFilter(FilterChainProxy.java:374)
	at org.springframework.security.web.authentication.ui.DefaultLoginPageGeneratingFilter.doFilter(DefaultLoginPageGeneratingFilter.java:220)
	at org.springframework.security.web.authentication.ui.DefaultLoginPageGeneratingFilter.doFilter(DefaultLoginPageGeneratingFilter.java:206)
	at org.springframework.security.web.FilterChainProxy$VirtualFilterChain.doFilter(FilterChainProxy.java:374)
	at org.springframework.security.web.authentication.ui.DefaultResourcesFilter.doFilter(DefaultResourcesFilter.java:72)
	at org.springframework.security.web.FilterChainProxy$VirtualFilterChain.doFilter(FilterChainProxy.java:374)
	at org.springframework.security.web.authentication.AbstractAuthenticationProcessingFilter.doFilter(AbstractAuthenticationProcessingFilter.java:227)
	at org.springframework.security.web.authentication.AbstractAuthenticationProcessingFilter.doFilter(AbstractAuthenticationProcessingFilter.java:221)
	at org.springframework.security.web.FilterChainProxy$VirtualFilterChain.doFilter(FilterChainProxy.java:374)
	at org.springframework.security.web.authentication.logout.LogoutFilter.doFilter(LogoutFilter.java:107)
	at org.springframework.security.web.authentication.logout.LogoutFilter.doFilter(LogoutFilter.java:93)
	at org.springframework.security.web.FilterChainProxy$VirtualFilterChain.doFilter(FilterChainProxy.java:374)
	at org.springframework.security.web.csrf.CsrfFilter.doFilterInternal(CsrfFilter.java:117)
	at org.springframework.web.filter.OncePerRequestFilter.doFilter(OncePerRequestFilter.java:116)
	at org.springframework.security.web.FilterChainProxy$VirtualFilterChain.doFilter(FilterChainProxy.java:374)
	at org.springframework.security.web.header.HeaderWriterFilter.doHeadersAfter(HeaderWriterFilter.java:90)
	at org.springframework.security.web.header.HeaderWriterFilter.doFilterInternal(HeaderWriterFilter.java:75)
	at org.springframework.web.filter.OncePerRequestFilter.doFilter(OncePerRequestFilter.java:116)
	at org.springframework.security.web.FilterChainProxy$VirtualFilterChain.doFilter(FilterChainProxy.java:374)
	at org.springframework.security.web.context.SecurityContextHolderFilter.doFilter(SecurityContextHolderFilter.java:82)
	at org.springframework.security.web.context.SecurityContextHolderFilter.doFilter(SecurityContextHolderFilter.java:69)
	at org.springframework.security.web.FilterChainProxy$VirtualFilterChain.doFilter(FilterChainProxy.java:374)
	at org.springframework.security.web.context.request.async.WebAsyncManagerIntegrationFilter.doFilterInternal(WebAsyncManagerIntegrationFilter.java:62)
	at org.springframework.web.filter.OncePerRequestFilter.doFilter(OncePerRequestFilter.java:116)
	at org.springframework.security.web.FilterChainProxy$VirtualFilterChain.doFilter(FilterChainProxy.java:374)
	at org.springframework.security.web.session.DisableEncodeUrlFilter.doFilterInternal(DisableEncodeUrlFilter.java:42)
	at org.springframework.web.filter.OncePerRequestFilter.doFilter(OncePerRequestFilter.java:116)
	at org.springframework.security.web.FilterChainProxy$VirtualFilterChain.doFilter(FilterChainProxy.java:374)
	at org.springframework.security.web.FilterChainProxy.doFilterInternal(FilterChainProxy.java:233)
	at org.springframework.security.web.FilterChainProxy.doFilter(FilterChainProxy.java:191)
	at org.springframework.web.filter.CompositeFilter$VirtualFilterChain.doFilter(CompositeFilter.java:113)
	at org.springframework.web.servlet.handler.HandlerMappingIntrospector.lambda$createCacheFilter$3(HandlerMappingIntrospector.java:243)
	at org.springframework.web.filter.CompositeFilter$VirtualFilterChain.doFilter(CompositeFilter.java:113)
	at org.springframework.web.filter.CompositeFilter.doFilter(CompositeFilter.java:74)
	at org.springframework.security.config.annotation.web.configuration.WebMvcSecurityConfiguration$CompositeFilterChainProxy.doFilter(WebMvcSecurityConfiguration.java:238)
	at org.springframework.web.filter.DelegatingFilterProxy.invokeDelegate(DelegatingFilterProxy.java:362)
	at org.springframework.web.filter.DelegatingFilterProxy.doFilter(DelegatingFilterProxy.java:278)
	at org.apache.catalina.core.ApplicationFilterChain.internalDoFilter(ApplicationFilterChain.java:164)
	at org.apache.catalina.core.ApplicationFilterChain.doFilter(ApplicationFilterChain.java:140)
	at org.springframework.web.filter.RequestContextFilter.doFilterInternal(RequestContextFilter.java:100)
	at org.springframework.web.filter.OncePerRequestFilter.doFilter(OncePerRequestFilter.java:116)
	at org.apache.catalina.core.ApplicationFilterChain.internalDoFilter(ApplicationFilterChain.java:164)
	at org.apache.catalina.core.ApplicationFilterChain.doFilter(ApplicationFilterChain.java:140)
	at org.springframework.web.filter.FormContentFilter.doFilterInternal(FormContentFilter.java:93)
	at org.springframework.web.filter.OncePerRequestFilter.doFilter(OncePerRequestFilter.java:116)
	at org.apache.catalina.core.ApplicationFilterChain.internalDoFilter(ApplicationFilterChain.java:164)
	at org.apache.catalina.core.ApplicationFilterChain.doFilter(ApplicationFilterChain.java:140)
	at org.springframework.web.filter.CharacterEncodingFilter.doFilterInternal(CharacterEncodingFilter.java:201)
	at org.springframework.web.filter.OncePerRequestFilter.doFilter(OncePerRequestFilter.java:116)
	at org.apache.catalina.core.ApplicationFilterChain.internalDoFilter(ApplicationFilterChain.java:164)
	at org.apache.catalina.core.ApplicationFilterChain.doFilter(ApplicationFilterChain.java:140)
	at org.apache.catalina.core.StandardWrapperValve.invoke(StandardWrapperValve.java:167)
	at org.apache.catalina.core.StandardContextValve.invoke(StandardContextValve.java:90)
	at org.apache.catalina.authenticator.AuthenticatorBase.invoke(AuthenticatorBase.java:483)
	at org.apache.catalina.core.StandardHostValve.invoke(StandardHostValve.java:115)
	at org.apache.catalina.valves.ErrorReportValve.invoke(ErrorReportValve.java:93)
	at org.apache.catalina.core.StandardEngineValve.invoke(StandardEngineValve.java:74)
	at org.apache.catalina.connector.CoyoteAdapter.service(CoyoteAdapter.java:344)
	at org.apache.coyote.http11.Http11Processor.service(Http11Processor.java:397)
	at org.apache.coyote.AbstractProcessorLight.process(AbstractProcessorLight.java:63)
	at org.apache.coyote.AbstractProtocol$ConnectionHandler.process(AbstractProtocol.java:905)
	at org.apache.tomcat.util.net.NioEndpoint$SocketProcessor.doRun(NioEndpoint.java:1743)
	at org.apache.tomcat.util.net.SocketProcessorBase.run(SocketProcessorBase.java:52)
	at org.apache.tomcat.util.threads.ThreadPoolExecutor.runWorker(ThreadPoolExecutor.java:1190)
	at org.apache.tomcat.util.threads.ThreadPoolExecutor$Worker.run(ThreadPoolExecutor.java:659)
	at org.apache.tomcat.util.threads.TaskThread$WrappingRunnable.run(TaskThread.java:63)
	at java.base/java.lang.Thread.run(Thread.java:1583)
[2025-02-28 10:58:12] DEBUG [http-nio-8080-exec-1] o.s.s.w.s.HttpSessionRequestCache - Saved request http://localhost:8080/info?continue to session
[2025-02-28 10:58:12] DEBUG [http-nio-8080-exec-1] o.s.s.web.DefaultRedirectStrategy - Redirecting to http://localhost:8080/login
[2025-02-28 10:58:12] TRACE [http-nio-8080-exec-1] o.s.s.w.h.writers.HstsHeaderWriter - Not injecting HSTS header since it did not match request to [Is Secure]
[2025-02-28 10:58:12] TRACE [http-nio-8080-exec-2] o.s.security.web.FilterChainProxy - Trying to match request against DefaultSecurityFilterChain defined as 'securityFilterChain' in [class path resource [com/example/security/SecurityConfig.class]] matching [any request] and having filters [DisableEncodeUrl, WebAsyncManagerIntegration, SecurityContextHolder, HeaderWriter, Csrf, Logout, UsernamePasswordAuthentication, DefaultResources, DefaultLoginPageGenerating, DefaultLogoutPageGenerating, RequestCacheAware, SecurityContextHolderAwareRequest, AnonymousAuthentication, ExceptionTranslation, Authorization] (1/1)
[2025-02-28 10:58:12] DEBUG [http-nio-8080-exec-2] o.s.security.web.FilterChainProxy - Securing GET /login
[2025-02-28 10:58:12] TRACE [http-nio-8080-exec-2] o.s.security.web.FilterChainProxy - Invoking DisableEncodeUrlFilter (1/15)
[2025-02-28 10:58:12] TRACE [http-nio-8080-exec-2] o.s.security.web.FilterChainProxy - Invoking WebAsyncManagerIntegrationFilter (2/15)
[2025-02-28 10:58:12] TRACE [http-nio-8080-exec-2] o.s.security.web.FilterChainProxy - Invoking SecurityContextHolderFilter (3/15)
[2025-02-28 10:58:12] TRACE [http-nio-8080-exec-2] o.s.security.web.FilterChainProxy - Invoking HeaderWriterFilter (4/15)
[2025-02-28 10:58:12] TRACE [http-nio-8080-exec-2] o.s.security.web.FilterChainProxy - Invoking CsrfFilter (5/15)
[2025-02-28 10:58:12] TRACE [http-nio-8080-exec-2] o.s.security.web.csrf.CsrfFilter - Did not protect against CSRF since request did not match CsrfNotRequired [TRACE, HEAD, GET, OPTIONS]
[2025-02-28 10:58:12] TRACE [http-nio-8080-exec-2] o.s.security.web.FilterChainProxy - Invoking LogoutFilter (6/15)
[2025-02-28 10:58:12] TRACE [http-nio-8080-exec-2] o.s.s.w.a.logout.LogoutFilter - Did not match request to Ant [pattern='/logout', POST]
[2025-02-28 10:58:12] TRACE [http-nio-8080-exec-2] o.s.security.web.FilterChainProxy - Invoking UsernamePasswordAuthenticationFilter (7/15)
[2025-02-28 10:58:12] TRACE [http-nio-8080-exec-2] o.s.s.w.a.UsernamePasswordAuthenticationFilter - Did not match request to Ant [pattern='/login_proc', POST]
[2025-02-28 10:58:12] TRACE [http-nio-8080-exec-2] o.s.security.web.FilterChainProxy - Invoking DefaultResourcesFilter (8/15)
[2025-02-28 10:58:12] TRACE [http-nio-8080-exec-2] o.s.security.web.FilterChainProxy - Invoking DefaultLoginPageGeneratingFilter (9/15)
[2025-02-28 10:58:12] TRACE [http-nio-8080-exec-2] o.s.s.w.h.writers.HstsHeaderWriter - Not injecting HSTS header since it did not match request to [Is Secure]
[2025-02-28 10:58:12] TRACE [http-nio-8080-exec-3] o.s.security.web.FilterChainProxy - Trying to match request against DefaultSecurityFilterChain defined as 'securityFilterChain' in [class path resource [com/example/security/SecurityConfig.class]] matching [any request] and having filters [DisableEncodeUrl, WebAsyncManagerIntegration, SecurityContextHolder, HeaderWriter, Csrf, Logout, UsernamePasswordAuthentication, DefaultResources, DefaultLoginPageGenerating, DefaultLogoutPageGenerating, RequestCacheAware, SecurityContextHolderAwareRequest, AnonymousAuthentication, ExceptionTranslation, Authorization] (1/1)
[2025-02-28 10:58:12] DEBUG [http-nio-8080-exec-3] o.s.security.web.FilterChainProxy - Securing GET /default-ui.css
[2025-02-28 10:58:12] TRACE [http-nio-8080-exec-3] o.s.security.web.FilterChainProxy - Invoking DisableEncodeUrlFilter (1/15)
[2025-02-28 10:58:12] TRACE [http-nio-8080-exec-3] o.s.security.web.FilterChainProxy - Invoking WebAsyncManagerIntegrationFilter (2/15)
[2025-02-28 10:58:12] TRACE [http-nio-8080-exec-3] o.s.security.web.FilterChainProxy - Invoking SecurityContextHolderFilter (3/15)
[2025-02-28 10:58:12] TRACE [http-nio-8080-exec-3] o.s.security.web.FilterChainProxy - Invoking HeaderWriterFilter (4/15)
[2025-02-28 10:58:12] TRACE [http-nio-8080-exec-3] o.s.security.web.FilterChainProxy - Invoking CsrfFilter (5/15)
[2025-02-28 10:58:12] TRACE [http-nio-8080-exec-3] o.s.security.web.csrf.CsrfFilter - Did not protect against CSRF since request did not match CsrfNotRequired [TRACE, HEAD, GET, OPTIONS]
[2025-02-28 10:58:12] TRACE [http-nio-8080-exec-3] o.s.security.web.FilterChainProxy - Invoking LogoutFilter (6/15)
[2025-02-28 10:58:12] TRACE [http-nio-8080-exec-3] o.s.s.w.a.logout.LogoutFilter - Did not match request to Ant [pattern='/logout', POST]
[2025-02-28 10:58:12] TRACE [http-nio-8080-exec-3] o.s.security.web.FilterChainProxy - Invoking UsernamePasswordAuthenticationFilter (7/15)
[2025-02-28 10:58:12] TRACE [http-nio-8080-exec-3] o.s.s.w.a.UsernamePasswordAuthenticationFilter - Did not match request to Ant [pattern='/login_proc', POST]
[2025-02-28 10:58:12] TRACE [http-nio-8080-exec-3] o.s.security.web.FilterChainProxy - Invoking DefaultResourcesFilter (8/15)
[2025-02-28 10:58:12] TRACE [http-nio-8080-exec-3] o.s.s.w.h.writers.HstsHeaderWriter - Not injecting HSTS header since it did not match request to [Is Secure]
[2025-02-28 10:58:21] TRACE [http-nio-8080-exec-4] o.s.security.web.FilterChainProxy - Trying to match request against DefaultSecurityFilterChain defined as 'securityFilterChain' in [class path resource [com/example/security/SecurityConfig.class]] matching [any request] and having filters [DisableEncodeUrl, WebAsyncManagerIntegration, SecurityContextHolder, HeaderWriter, Csrf, Logout, UsernamePasswordAuthentication, DefaultResources, DefaultLoginPageGenerating, DefaultLogoutPageGenerating, RequestCacheAware, SecurityContextHolderAwareRequest, AnonymousAuthentication, ExceptionTranslation, Authorization] (1/1)
[2025-02-28 10:58:21] DEBUG [http-nio-8080-exec-4] o.s.security.web.FilterChainProxy - Securing POST /login_proc
[2025-02-28 10:58:21] TRACE [http-nio-8080-exec-4] o.s.security.web.FilterChainProxy - Invoking DisableEncodeUrlFilter (1/15)
[2025-02-28 10:58:21] TRACE [http-nio-8080-exec-4] o.s.security.web.FilterChainProxy - Invoking WebAsyncManagerIntegrationFilter (2/15)
[2025-02-28 10:58:21] TRACE [http-nio-8080-exec-4] o.s.security.web.FilterChainProxy - Invoking SecurityContextHolderFilter (3/15)
[2025-02-28 10:58:21] TRACE [http-nio-8080-exec-4] o.s.security.web.FilterChainProxy - Invoking HeaderWriterFilter (4/15)
[2025-02-28 10:58:21] TRACE [http-nio-8080-exec-4] o.s.security.web.FilterChainProxy - Invoking CsrfFilter (5/15)
[2025-02-28 10:58:21] TRACE [http-nio-8080-exec-4] o.s.security.web.FilterChainProxy - Invoking LogoutFilter (6/15)
[2025-02-28 10:58:21] TRACE [http-nio-8080-exec-4] o.s.s.w.a.logout.LogoutFilter - Did not match request to Ant [pattern='/logout', POST]
[2025-02-28 10:58:21] TRACE [http-nio-8080-exec-4] o.s.security.web.FilterChainProxy - Invoking UsernamePasswordAuthenticationFilter (7/15)
[2025-02-28 10:58:21] TRACE [http-nio-8080-exec-4] o.s.s.authentication.ProviderManager - Authenticating request with DaoAuthenticationProvider (1/1)
[2025-02-28 10:58:21] DEBUG [http-nio-8080-exec-4] o.s.s.a.d.DaoAuthenticationProvider - Authenticated user
[2025-02-28 10:58:21] TRACE [http-nio-8080-exec-4] o.s.s.w.a.s.CompositeSessionAuthenticationStrategy - Preparing session with ChangeSessionIdAuthenticationStrategy (1/2)
[2025-02-28 10:58:21] DEBUG [http-nio-8080-exec-4] o.s.s.w.a.s.ChangeSessionIdAuthenticationStrategy - Changed session id from DBC70E09E855E289F35107E8E6F147D4
[2025-02-28 10:58:21] TRACE [http-nio-8080-exec-4] o.s.s.w.a.s.CompositeSessionAuthenticationStrategy - Preparing session with CsrfAuthenticationStrategy (2/2)
[2025-02-28 10:58:21] DEBUG [http-nio-8080-exec-4] o.s.s.w.c.CsrfAuthenticationStrategy - Replaced CSRF Token
[2025-02-28 10:58:21] DEBUG [http-nio-8080-exec-4] o.s.s.w.c.HttpSessionSecurityContextRepository - Stored SecurityContextImpl [Authentication=UsernamePasswordAuthenticationToken [Principal=org.springframework.security.core.userdetails.User [Username=admin, Password=[PROTECTED], Enabled=true, AccountNonExpired=true, CredentialsNonExpired=true, AccountNonLocked=true, Granted Authorities=[]], Credentials=[PROTECTED], Authenticated=true, Details=WebAuthenticationDetails [RemoteIpAddress=0:0:0:0:0:0:0:1, SessionId=DBC70E09E855E289F35107E8E6F147D4], Granted Authorities=[]]] to HttpSession [org.apache.catalina.session.StandardSessionFacade@2f0f23f7]
[2025-02-28 10:58:21] DEBUG [http-nio-8080-exec-4] o.s.s.w.a.UsernamePasswordAuthenticationFilter - Set SecurityContextHolder to UsernamePasswordAuthenticationToken [Principal=org.springframework.security.core.userdetails.User [Username=admin, Password=[PROTECTED], Enabled=true, AccountNonExpired=true, CredentialsNonExpired=true, AccountNonLocked=true, Granted Authorities=[]], Credentials=[PROTECTED], Authenticated=true, Details=WebAuthenticationDetails [RemoteIpAddress=0:0:0:0:0:0:0:1, SessionId=DBC70E09E855E289F35107E8E6F147D4], Granted Authorities=[]]
[2025-02-28 10:58:21] TRACE [http-nio-8080-exec-4] o.s.s.w.h.writers.HstsHeaderWriter - Not injecting HSTS header since it did not match request to [Is Secure]
[2025-02-28 10:58:21] TRACE [http-nio-8080-exec-5] o.s.security.web.FilterChainProxy - Trying to match request against DefaultSecurityFilterChain defined as 'securityFilterChain' in [class path resource [com/example/security/SecurityConfig.class]] matching [any request] and having filters [DisableEncodeUrl, WebAsyncManagerIntegration, SecurityContextHolder, HeaderWriter, Csrf, Logout, UsernamePasswordAuthentication, DefaultResources, DefaultLoginPageGenerating, DefaultLogoutPageGenerating, RequestCacheAware, SecurityContextHolderAwareRequest, AnonymousAuthentication, ExceptionTranslation, Authorization] (1/1)
[2025-02-28 10:58:21] DEBUG [http-nio-8080-exec-5] o.s.security.web.FilterChainProxy - Securing GET /info
[2025-02-28 10:58:21] TRACE [http-nio-8080-exec-5] o.s.security.web.FilterChainProxy - Invoking DisableEncodeUrlFilter (1/15)
[2025-02-28 10:58:21] TRACE [http-nio-8080-exec-5] o.s.security.web.FilterChainProxy - Invoking WebAsyncManagerIntegrationFilter (2/15)
[2025-02-28 10:58:21] TRACE [http-nio-8080-exec-5] o.s.security.web.FilterChainProxy - Invoking SecurityContextHolderFilter (3/15)
[2025-02-28 10:58:21] TRACE [http-nio-8080-exec-5] o.s.security.web.FilterChainProxy - Invoking HeaderWriterFilter (4/15)
[2025-02-28 10:58:21] TRACE [http-nio-8080-exec-5] o.s.security.web.FilterChainProxy - Invoking CsrfFilter (5/15)
[2025-02-28 10:58:21] TRACE [http-nio-8080-exec-5] o.s.security.web.csrf.CsrfFilter - Did not protect against CSRF since request did not match CsrfNotRequired [TRACE, HEAD, GET, OPTIONS]
[2025-02-28 10:58:21] TRACE [http-nio-8080-exec-5] o.s.security.web.FilterChainProxy - Invoking LogoutFilter (6/15)
[2025-02-28 10:58:21] TRACE [http-nio-8080-exec-5] o.s.s.w.a.logout.LogoutFilter - Did not match request to Ant [pattern='/logout', POST]
[2025-02-28 10:58:21] TRACE [http-nio-8080-exec-5] o.s.security.web.FilterChainProxy - Invoking UsernamePasswordAuthenticationFilter (7/15)
[2025-02-28 10:58:21] TRACE [http-nio-8080-exec-5] o.s.s.w.a.UsernamePasswordAuthenticationFilter - Did not match request to Ant [pattern='/login_proc', POST]
[2025-02-28 10:58:21] TRACE [http-nio-8080-exec-5] o.s.security.web.FilterChainProxy - Invoking DefaultResourcesFilter (8/15)
[2025-02-28 10:58:21] TRACE [http-nio-8080-exec-5] o.s.security.web.FilterChainProxy - Invoking DefaultLoginPageGeneratingFilter (9/15)
[2025-02-28 10:58:21] TRACE [http-nio-8080-exec-5] o.s.security.web.FilterChainProxy - Invoking DefaultLogoutPageGeneratingFilter (10/15)
[2025-02-28 10:58:21] TRACE [http-nio-8080-exec-5] o.s.s.w.a.u.DefaultLogoutPageGeneratingFilter - Did not render default logout page since request did not match [Ant [pattern='/logout', GET]]
[2025-02-28 10:58:21] TRACE [http-nio-8080-exec-5] o.s.security.web.FilterChainProxy - Invoking RequestCacheAwareFilter (11/15)
[2025-02-28 10:58:21] TRACE [http-nio-8080-exec-5] o.s.s.w.s.HttpSessionRequestCache - matchingRequestParameterName is required for getMatchingRequest to lookup a value, but not provided
[2025-02-28 10:58:21] TRACE [http-nio-8080-exec-5] o.s.security.web.FilterChainProxy - Invoking SecurityContextHolderAwareRequestFilter (12/15)
[2025-02-28 10:58:21] TRACE [http-nio-8080-exec-5] o.s.security.web.FilterChainProxy - Invoking AnonymousAuthenticationFilter (13/15)
[2025-02-28 10:58:21] TRACE [http-nio-8080-exec-5] o.s.security.web.FilterChainProxy - Invoking ExceptionTranslationFilter (14/15)
[2025-02-28 10:58:21] TRACE [http-nio-8080-exec-5] o.s.security.web.FilterChainProxy - Invoking AuthorizationFilter (15/15)
[2025-02-28 10:58:21] TRACE [http-nio-8080-exec-5] o.s.s.w.a.i.RequestMatcherDelegatingAuthorizationManager - Authorizing GET /info
[2025-02-28 10:58:21] TRACE [http-nio-8080-exec-5] o.s.s.w.a.i.RequestMatcherDelegatingAuthorizationManager - Checking authorization on GET /info using org.springframework.security.authorization.AuthenticatedAuthorizationManager@4e9701aa
[2025-02-28 10:58:21] TRACE [http-nio-8080-exec-5] o.s.s.w.c.HttpSessionSecurityContextRepository - Retrieved SecurityContextImpl [Authentication=UsernamePasswordAuthenticationToken [Principal=org.springframework.security.core.userdetails.User [Username=admin, Password=[PROTECTED], Enabled=true, AccountNonExpired=true, CredentialsNonExpired=true, AccountNonLocked=true, Granted Authorities=[]], Credentials=[PROTECTED], Authenticated=true, Details=WebAuthenticationDetails [RemoteIpAddress=0:0:0:0:0:0:0:1, SessionId=DBC70E09E855E289F35107E8E6F147D4], Granted Authorities=[]]] from SPRING_SECURITY_CONTEXT
[2025-02-28 10:58:21] TRACE [http-nio-8080-exec-5] o.s.s.w.a.AnonymousAuthenticationFilter - Did not set SecurityContextHolder since already authenticated UsernamePasswordAuthenticationToken [Principal=org.springframework.security.core.userdetails.User [Username=admin, Password=[PROTECTED], Enabled=true, AccountNonExpired=true, CredentialsNonExpired=true, AccountNonLocked=true, Granted Authorities=[]], Credentials=[PROTECTED], Authenticated=true, Details=WebAuthenticationDetails [RemoteIpAddress=0:0:0:0:0:0:0:1, SessionId=DBC70E09E855E289F35107E8E6F147D4], Granted Authorities=[]]
[2025-02-28 10:58:21] DEBUG [http-nio-8080-exec-5] o.s.security.web.FilterChainProxy - Secured GET /info
[2025-02-28 10:58:21] TRACE [http-nio-8080-exec-5] o.s.s.w.h.writers.HstsHeaderWriter - Not injecting HSTS header since it did not match request to [Is Secure]
[2025-02-28 10:59:44] TRACE [main] o.s.s.c.a.a.c.AuthenticationConfiguration$EnableGlobalAuthenticationAutowiredConfigurer - Eagerly initializing {securityConfig=com.example.security.SecurityConfig$$SpringCGLIB$$0@11120583}
[2025-02-28 10:59:44] INFO  [main] o.s.s.c.a.a.c.InitializeUserDetailsBeanManagerConfigurer$InitializeUserDetailsManagerConfigurer - Global AuthenticationManager configured with UserDetailsService bean with name inMemoryUserDetailsManager
[2025-02-28 10:59:44] WARN  [main] o.s.s.c.a.w.c.AuthorizeHttpRequestsConfigurer$AuthorizationManagerRequestMatcherRegistry - One of the patterns in [/hello, loginForm, /fail] is missing a leading slash. This is discouraged; please include the leading slash in all your request matcher patterns. In future versions of Spring Security, leaving out the leading slash will result in an exception.
[2025-02-28 10:59:44] DEBUG [main] o.s.s.web.DefaultSecurityFilterChain - Will secure any request with filters: DisableEncodeUrlFilter, WebAsyncManagerIntegrationFilter, SecurityContextHolderFilter, HeaderWriterFilter, CsrfFilter, LogoutFilter, UsernamePasswordAuthenticationFilter, DefaultResourcesFilter, DefaultLoginPageGeneratingFilter, DefaultLogoutPageGeneratingFilter, RequestCacheAwareFilter, SecurityContextHolderAwareRequestFilter, AnonymousAuthenticationFilter, ExceptionTranslationFilter, AuthorizationFilter
[2025-02-28 10:59:52] TRACE [http-nio-8080-exec-1] o.s.security.web.FilterChainProxy - Trying to match request against DefaultSecurityFilterChain defined as 'securityFilterChain' in [class path resource [com/example/security/SecurityConfig.class]] matching [any request] and having filters [DisableEncodeUrl, WebAsyncManagerIntegration, SecurityContextHolder, HeaderWriter, Csrf, Logout, UsernamePasswordAuthentication, DefaultResources, DefaultLoginPageGenerating, DefaultLogoutPageGenerating, RequestCacheAware, SecurityContextHolderAwareRequest, AnonymousAuthentication, ExceptionTranslation, Authorization] (1/1)
[2025-02-28 10:59:52] DEBUG [http-nio-8080-exec-1] o.s.security.web.FilterChainProxy - Securing GET /info
[2025-02-28 10:59:52] TRACE [http-nio-8080-exec-1] o.s.security.web.FilterChainProxy - Invoking DisableEncodeUrlFilter (1/15)
[2025-02-28 10:59:52] TRACE [http-nio-8080-exec-1] o.s.security.web.FilterChainProxy - Invoking WebAsyncManagerIntegrationFilter (2/15)
[2025-02-28 10:59:52] TRACE [http-nio-8080-exec-1] o.s.security.web.FilterChainProxy - Invoking SecurityContextHolderFilter (3/15)
[2025-02-28 10:59:52] TRACE [http-nio-8080-exec-1] o.s.security.web.FilterChainProxy - Invoking HeaderWriterFilter (4/15)
[2025-02-28 10:59:52] TRACE [http-nio-8080-exec-1] o.s.security.web.FilterChainProxy - Invoking CsrfFilter (5/15)
[2025-02-28 10:59:52] TRACE [http-nio-8080-exec-1] o.s.security.web.csrf.CsrfFilter - Did not protect against CSRF since request did not match CsrfNotRequired [TRACE, HEAD, GET, OPTIONS]
[2025-02-28 10:59:52] TRACE [http-nio-8080-exec-1] o.s.security.web.FilterChainProxy - Invoking LogoutFilter (6/15)
[2025-02-28 10:59:52] TRACE [http-nio-8080-exec-1] o.s.s.w.a.logout.LogoutFilter - Did not match request to Ant [pattern='/logout', POST]
[2025-02-28 10:59:52] TRACE [http-nio-8080-exec-1] o.s.security.web.FilterChainProxy - Invoking UsernamePasswordAuthenticationFilter (7/15)
[2025-02-28 10:59:52] TRACE [http-nio-8080-exec-1] o.s.s.w.a.UsernamePasswordAuthenticationFilter - Did not match request to Ant [pattern='/login_proc', POST]
[2025-02-28 10:59:52] TRACE [http-nio-8080-exec-1] o.s.security.web.FilterChainProxy - Invoking DefaultResourcesFilter (8/15)
[2025-02-28 10:59:52] TRACE [http-nio-8080-exec-1] o.s.security.web.FilterChainProxy - Invoking DefaultLoginPageGeneratingFilter (9/15)
[2025-02-28 10:59:52] TRACE [http-nio-8080-exec-1] o.s.security.web.FilterChainProxy - Invoking DefaultLogoutPageGeneratingFilter (10/15)
[2025-02-28 10:59:52] TRACE [http-nio-8080-exec-1] o.s.s.w.a.u.DefaultLogoutPageGeneratingFilter - Did not render default logout page since request did not match [Ant [pattern='/logout', GET]]
[2025-02-28 10:59:52] TRACE [http-nio-8080-exec-1] o.s.security.web.FilterChainProxy - Invoking RequestCacheAwareFilter (11/15)
[2025-02-28 10:59:52] TRACE [http-nio-8080-exec-1] o.s.s.w.s.HttpSessionRequestCache - matchingRequestParameterName is required for getMatchingRequest to lookup a value, but not provided
[2025-02-28 10:59:52] TRACE [http-nio-8080-exec-1] o.s.security.web.FilterChainProxy - Invoking SecurityContextHolderAwareRequestFilter (12/15)
[2025-02-28 10:59:52] TRACE [http-nio-8080-exec-1] o.s.security.web.FilterChainProxy - Invoking AnonymousAuthenticationFilter (13/15)
[2025-02-28 10:59:52] TRACE [http-nio-8080-exec-1] o.s.security.web.FilterChainProxy - Invoking ExceptionTranslationFilter (14/15)
[2025-02-28 10:59:52] TRACE [http-nio-8080-exec-1] o.s.security.web.FilterChainProxy - Invoking AuthorizationFilter (15/15)
[2025-02-28 10:59:52] TRACE [http-nio-8080-exec-1] o.s.s.w.a.i.RequestMatcherDelegatingAuthorizationManager - Authorizing GET /info
[2025-02-28 10:59:52] TRACE [http-nio-8080-exec-1] o.s.s.w.a.i.RequestMatcherDelegatingAuthorizationManager - Checking authorization on GET /info using org.springframework.security.authorization.AuthenticatedAuthorizationManager@7110529c
[2025-02-28 10:59:52] TRACE [http-nio-8080-exec-1] o.s.s.w.c.HttpSessionSecurityContextRepository - No HttpSession currently exists
[2025-02-28 10:59:52] TRACE [http-nio-8080-exec-1] o.s.s.w.c.SupplierDeferredSecurityContext - Created SecurityContextImpl [Null authentication]
[2025-02-28 10:59:52] TRACE [http-nio-8080-exec-1] o.s.s.w.c.SupplierDeferredSecurityContext - Created SecurityContextImpl [Null authentication]
[2025-02-28 10:59:52] TRACE [http-nio-8080-exec-1] o.s.s.w.a.AnonymousAuthenticationFilter - Set SecurityContextHolder to AnonymousAuthenticationToken [Principal=anonymousUser, Credentials=[PROTECTED], Authenticated=true, Details=WebAuthenticationDetails [RemoteIpAddress=0:0:0:0:0:0:0:1, SessionId=null], Granted Authorities=[ROLE_ANONYMOUS]]
[2025-02-28 10:59:52] TRACE [http-nio-8080-exec-1] o.s.s.w.a.ExceptionTranslationFilter - Sending AnonymousAuthenticationToken [Principal=anonymousUser, Credentials=[PROTECTED], Authenticated=true, Details=WebAuthenticationDetails [RemoteIpAddress=0:0:0:0:0:0:0:1, SessionId=null], Granted Authorities=[ROLE_ANONYMOUS]] to authentication entry point since access is denied
org.springframework.security.authorization.AuthorizationDeniedException: Access Denied
	at org.springframework.security.web.access.intercept.AuthorizationFilter.doFilter(AuthorizationFilter.java:99)
	at org.springframework.security.web.FilterChainProxy$VirtualFilterChain.doFilter(FilterChainProxy.java:374)
	at org.springframework.security.web.access.ExceptionTranslationFilter.doFilter(ExceptionTranslationFilter.java:126)
	at org.springframework.security.web.access.ExceptionTranslationFilter.doFilter(ExceptionTranslationFilter.java:120)
	at org.springframework.security.web.FilterChainProxy$VirtualFilterChain.doFilter(FilterChainProxy.java:374)
	at org.springframework.security.web.authentication.AnonymousAuthenticationFilter.doFilter(AnonymousAuthenticationFilter.java:100)
	at org.springframework.security.web.FilterChainProxy$VirtualFilterChain.doFilter(FilterChainProxy.java:374)
	at org.springframework.security.web.servletapi.SecurityContextHolderAwareRequestFilter.doFilter(SecurityContextHolderAwareRequestFilter.java:179)
	at org.springframework.security.web.FilterChainProxy$VirtualFilterChain.doFilter(FilterChainProxy.java:374)
	at org.springframework.security.web.savedrequest.RequestCacheAwareFilter.doFilter(RequestCacheAwareFilter.java:63)
	at org.springframework.security.web.FilterChainProxy$VirtualFilterChain.doFilter(FilterChainProxy.java:374)
	at org.springframework.security.web.authentication.ui.DefaultLogoutPageGeneratingFilter.doFilterInternal(DefaultLogoutPageGeneratingFilter.java:58)
	at org.springframework.web.filter.OncePerRequestFilter.doFilter(OncePerRequestFilter.java:116)
	at org.springframework.security.web.FilterChainProxy$VirtualFilterChain.doFilter(FilterChainProxy.java:374)
	at org.springframework.security.web.authentication.ui.DefaultLoginPageGeneratingFilter.doFilter(DefaultLoginPageGeneratingFilter.java:220)
	at org.springframework.security.web.authentication.ui.DefaultLoginPageGeneratingFilter.doFilter(DefaultLoginPageGeneratingFilter.java:206)
	at org.springframework.security.web.FilterChainProxy$VirtualFilterChain.doFilter(FilterChainProxy.java:374)
	at org.springframework.security.web.authentication.ui.DefaultResourcesFilter.doFilter(DefaultResourcesFilter.java:72)
	at org.springframework.security.web.FilterChainProxy$VirtualFilterChain.doFilter(FilterChainProxy.java:374)
	at org.springframework.security.web.authentication.AbstractAuthenticationProcessingFilter.doFilter(AbstractAuthenticationProcessingFilter.java:227)
	at org.springframework.security.web.authentication.AbstractAuthenticationProcessingFilter.doFilter(AbstractAuthenticationProcessingFilter.java:221)
	at org.springframework.security.web.FilterChainProxy$VirtualFilterChain.doFilter(FilterChainProxy.java:374)
	at org.springframework.security.web.authentication.logout.LogoutFilter.doFilter(LogoutFilter.java:107)
	at org.springframework.security.web.authentication.logout.LogoutFilter.doFilter(LogoutFilter.java:93)
	at org.springframework.security.web.FilterChainProxy$VirtualFilterChain.doFilter(FilterChainProxy.java:374)
	at org.springframework.security.web.csrf.CsrfFilter.doFilterInternal(CsrfFilter.java:117)
	at org.springframework.web.filter.OncePerRequestFilter.doFilter(OncePerRequestFilter.java:116)
	at org.springframework.security.web.FilterChainProxy$VirtualFilterChain.doFilter(FilterChainProxy.java:374)
	at org.springframework.security.web.header.HeaderWriterFilter.doHeadersAfter(HeaderWriterFilter.java:90)
	at org.springframework.security.web.header.HeaderWriterFilter.doFilterInternal(HeaderWriterFilter.java:75)
	at org.springframework.web.filter.OncePerRequestFilter.doFilter(OncePerRequestFilter.java:116)
	at org.springframework.security.web.FilterChainProxy$VirtualFilterChain.doFilter(FilterChainProxy.java:374)
	at org.springframework.security.web.context.SecurityContextHolderFilter.doFilter(SecurityContextHolderFilter.java:82)
	at org.springframework.security.web.context.SecurityContextHolderFilter.doFilter(SecurityContextHolderFilter.java:69)
	at org.springframework.security.web.FilterChainProxy$VirtualFilterChain.doFilter(FilterChainProxy.java:374)
	at org.springframework.security.web.context.request.async.WebAsyncManagerIntegrationFilter.doFilterInternal(WebAsyncManagerIntegrationFilter.java:62)
	at org.springframework.web.filter.OncePerRequestFilter.doFilter(OncePerRequestFilter.java:116)
	at org.springframework.security.web.FilterChainProxy$VirtualFilterChain.doFilter(FilterChainProxy.java:374)
	at org.springframework.security.web.session.DisableEncodeUrlFilter.doFilterInternal(DisableEncodeUrlFilter.java:42)
	at org.springframework.web.filter.OncePerRequestFilter.doFilter(OncePerRequestFilter.java:116)
	at org.springframework.security.web.FilterChainProxy$VirtualFilterChain.doFilter(FilterChainProxy.java:374)
	at org.springframework.security.web.FilterChainProxy.doFilterInternal(FilterChainProxy.java:233)
	at org.springframework.security.web.FilterChainProxy.doFilter(FilterChainProxy.java:191)
	at org.springframework.web.filter.CompositeFilter$VirtualFilterChain.doFilter(CompositeFilter.java:113)
	at org.springframework.web.servlet.handler.HandlerMappingIntrospector.lambda$createCacheFilter$3(HandlerMappingIntrospector.java:243)
	at org.springframework.web.filter.CompositeFilter$VirtualFilterChain.doFilter(CompositeFilter.java:113)
	at org.springframework.web.filter.CompositeFilter.doFilter(CompositeFilter.java:74)
	at org.springframework.security.config.annotation.web.configuration.WebMvcSecurityConfiguration$CompositeFilterChainProxy.doFilter(WebMvcSecurityConfiguration.java:238)
	at org.springframework.web.filter.DelegatingFilterProxy.invokeDelegate(DelegatingFilterProxy.java:362)
	at org.springframework.web.filter.DelegatingFilterProxy.doFilter(DelegatingFilterProxy.java:278)
	at org.apache.catalina.core.ApplicationFilterChain.internalDoFilter(ApplicationFilterChain.java:164)
	at org.apache.catalina.core.ApplicationFilterChain.doFilter(ApplicationFilterChain.java:140)
	at org.springframework.web.filter.RequestContextFilter.doFilterInternal(RequestContextFilter.java:100)
	at org.springframework.web.filter.OncePerRequestFilter.doFilter(OncePerRequestFilter.java:116)
	at org.apache.catalina.core.ApplicationFilterChain.internalDoFilter(ApplicationFilterChain.java:164)
	at org.apache.catalina.core.ApplicationFilterChain.doFilter(ApplicationFilterChain.java:140)
	at org.springframework.web.filter.FormContentFilter.doFilterInternal(FormContentFilter.java:93)
	at org.springframework.web.filter.OncePerRequestFilter.doFilter(OncePerRequestFilter.java:116)
	at org.apache.catalina.core.ApplicationFilterChain.internalDoFilter(ApplicationFilterChain.java:164)
	at org.apache.catalina.core.ApplicationFilterChain.doFilter(ApplicationFilterChain.java:140)
	at org.springframework.web.filter.CharacterEncodingFilter.doFilterInternal(CharacterEncodingFilter.java:201)
	at org.springframework.web.filter.OncePerRequestFilter.doFilter(OncePerRequestFilter.java:116)
	at org.apache.catalina.core.ApplicationFilterChain.internalDoFilter(ApplicationFilterChain.java:164)
	at org.apache.catalina.core.ApplicationFilterChain.doFilter(ApplicationFilterChain.java:140)
	at org.apache.catalina.core.StandardWrapperValve.invoke(StandardWrapperValve.java:167)
	at org.apache.catalina.core.StandardContextValve.invoke(StandardContextValve.java:90)
	at org.apache.catalina.authenticator.AuthenticatorBase.invoke(AuthenticatorBase.java:483)
	at org.apache.catalina.core.StandardHostValve.invoke(StandardHostValve.java:115)
	at org.apache.catalina.valves.ErrorReportValve.invoke(ErrorReportValve.java:93)
	at org.apache.catalina.core.StandardEngineValve.invoke(StandardEngineValve.java:74)
	at org.apache.catalina.connector.CoyoteAdapter.service(CoyoteAdapter.java:344)
	at org.apache.coyote.http11.Http11Processor.service(Http11Processor.java:397)
	at org.apache.coyote.AbstractProcessorLight.process(AbstractProcessorLight.java:63)
	at org.apache.coyote.AbstractProtocol$ConnectionHandler.process(AbstractProtocol.java:905)
	at org.apache.tomcat.util.net.NioEndpoint$SocketProcessor.doRun(NioEndpoint.java:1743)
	at org.apache.tomcat.util.net.SocketProcessorBase.run(SocketProcessorBase.java:52)
	at org.apache.tomcat.util.threads.ThreadPoolExecutor.runWorker(ThreadPoolExecutor.java:1190)
	at org.apache.tomcat.util.threads.ThreadPoolExecutor$Worker.run(ThreadPoolExecutor.java:659)
	at org.apache.tomcat.util.threads.TaskThread$WrappingRunnable.run(TaskThread.java:63)
	at java.base/java.lang.Thread.run(Thread.java:1583)
[2025-02-28 10:59:52] DEBUG [http-nio-8080-exec-1] o.s.s.w.s.HttpSessionRequestCache - Saved request http://localhost:8080/info?continue to session
[2025-02-28 10:59:52] DEBUG [http-nio-8080-exec-1] o.s.s.web.DefaultRedirectStrategy - Redirecting to http://localhost:8080/login
[2025-02-28 10:59:52] TRACE [http-nio-8080-exec-1] o.s.s.w.h.writers.HstsHeaderWriter - Not injecting HSTS header since it did not match request to [Is Secure]
[2025-02-28 10:59:52] TRACE [http-nio-8080-exec-2] o.s.security.web.FilterChainProxy - Trying to match request against DefaultSecurityFilterChain defined as 'securityFilterChain' in [class path resource [com/example/security/SecurityConfig.class]] matching [any request] and having filters [DisableEncodeUrl, WebAsyncManagerIntegration, SecurityContextHolder, HeaderWriter, Csrf, Logout, UsernamePasswordAuthentication, DefaultResources, DefaultLoginPageGenerating, DefaultLogoutPageGenerating, RequestCacheAware, SecurityContextHolderAwareRequest, AnonymousAuthentication, ExceptionTranslation, Authorization] (1/1)
[2025-02-28 10:59:52] DEBUG [http-nio-8080-exec-2] o.s.security.web.FilterChainProxy - Securing GET /login
[2025-02-28 10:59:52] TRACE [http-nio-8080-exec-2] o.s.security.web.FilterChainProxy - Invoking DisableEncodeUrlFilter (1/15)
[2025-02-28 10:59:52] TRACE [http-nio-8080-exec-2] o.s.security.web.FilterChainProxy - Invoking WebAsyncManagerIntegrationFilter (2/15)
[2025-02-28 10:59:52] TRACE [http-nio-8080-exec-2] o.s.security.web.FilterChainProxy - Invoking SecurityContextHolderFilter (3/15)
[2025-02-28 10:59:52] TRACE [http-nio-8080-exec-2] o.s.security.web.FilterChainProxy - Invoking HeaderWriterFilter (4/15)
[2025-02-28 10:59:52] TRACE [http-nio-8080-exec-2] o.s.security.web.FilterChainProxy - Invoking CsrfFilter (5/15)
[2025-02-28 10:59:52] TRACE [http-nio-8080-exec-2] o.s.security.web.csrf.CsrfFilter - Did not protect against CSRF since request did not match CsrfNotRequired [TRACE, HEAD, GET, OPTIONS]
[2025-02-28 10:59:52] TRACE [http-nio-8080-exec-2] o.s.security.web.FilterChainProxy - Invoking LogoutFilter (6/15)
[2025-02-28 10:59:52] TRACE [http-nio-8080-exec-2] o.s.s.w.a.logout.LogoutFilter - Did not match request to Ant [pattern='/logout', POST]
[2025-02-28 10:59:52] TRACE [http-nio-8080-exec-2] o.s.security.web.FilterChainProxy - Invoking UsernamePasswordAuthenticationFilter (7/15)
[2025-02-28 10:59:52] TRACE [http-nio-8080-exec-2] o.s.s.w.a.UsernamePasswordAuthenticationFilter - Did not match request to Ant [pattern='/login_proc', POST]
[2025-02-28 10:59:52] TRACE [http-nio-8080-exec-2] o.s.security.web.FilterChainProxy - Invoking DefaultResourcesFilter (8/15)
[2025-02-28 10:59:52] TRACE [http-nio-8080-exec-2] o.s.security.web.FilterChainProxy - Invoking DefaultLoginPageGeneratingFilter (9/15)
[2025-02-28 10:59:52] TRACE [http-nio-8080-exec-2] o.s.s.w.h.writers.HstsHeaderWriter - Not injecting HSTS header since it did not match request to [Is Secure]
[2025-02-28 10:59:52] TRACE [http-nio-8080-exec-3] o.s.security.web.FilterChainProxy - Trying to match request against DefaultSecurityFilterChain defined as 'securityFilterChain' in [class path resource [com/example/security/SecurityConfig.class]] matching [any request] and having filters [DisableEncodeUrl, WebAsyncManagerIntegration, SecurityContextHolder, HeaderWriter, Csrf, Logout, UsernamePasswordAuthentication, DefaultResources, DefaultLoginPageGenerating, DefaultLogoutPageGenerating, RequestCacheAware, SecurityContextHolderAwareRequest, AnonymousAuthentication, ExceptionTranslation, Authorization] (1/1)
[2025-02-28 10:59:52] DEBUG [http-nio-8080-exec-3] o.s.security.web.FilterChainProxy - Securing GET /default-ui.css
[2025-02-28 10:59:52] TRACE [http-nio-8080-exec-3] o.s.security.web.FilterChainProxy - Invoking DisableEncodeUrlFilter (1/15)
[2025-02-28 10:59:52] TRACE [http-nio-8080-exec-3] o.s.security.web.FilterChainProxy - Invoking WebAsyncManagerIntegrationFilter (2/15)
[2025-02-28 10:59:52] TRACE [http-nio-8080-exec-3] o.s.security.web.FilterChainProxy - Invoking SecurityContextHolderFilter (3/15)
[2025-02-28 10:59:52] TRACE [http-nio-8080-exec-3] o.s.security.web.FilterChainProxy - Invoking HeaderWriterFilter (4/15)
[2025-02-28 10:59:52] TRACE [http-nio-8080-exec-3] o.s.security.web.FilterChainProxy - Invoking CsrfFilter (5/15)
[2025-02-28 10:59:52] TRACE [http-nio-8080-exec-3] o.s.security.web.csrf.CsrfFilter - Did not protect against CSRF since request did not match CsrfNotRequired [TRACE, HEAD, GET, OPTIONS]
[2025-02-28 10:59:52] TRACE [http-nio-8080-exec-3] o.s.security.web.FilterChainProxy - Invoking LogoutFilter (6/15)
[2025-02-28 10:59:52] TRACE [http-nio-8080-exec-3] o.s.s.w.a.logout.LogoutFilter - Did not match request to Ant [pattern='/logout', POST]
[2025-02-28 10:59:52] TRACE [http-nio-8080-exec-3] o.s.security.web.FilterChainProxy - Invoking UsernamePasswordAuthenticationFilter (7/15)
[2025-02-28 10:59:52] TRACE [http-nio-8080-exec-3] o.s.s.w.a.UsernamePasswordAuthenticationFilter - Did not match request to Ant [pattern='/login_proc', POST]
[2025-02-28 10:59:52] TRACE [http-nio-8080-exec-3] o.s.security.web.FilterChainProxy - Invoking DefaultResourcesFilter (8/15)
[2025-02-28 10:59:52] TRACE [http-nio-8080-exec-3] o.s.s.w.h.writers.HstsHeaderWriter - Not injecting HSTS header since it did not match request to [Is Secure]
[2025-02-28 10:59:56] TRACE [http-nio-8080-exec-4] o.s.security.web.FilterChainProxy - Trying to match request against DefaultSecurityFilterChain defined as 'securityFilterChain' in [class path resource [com/example/security/SecurityConfig.class]] matching [any request] and having filters [DisableEncodeUrl, WebAsyncManagerIntegration, SecurityContextHolder, HeaderWriter, Csrf, Logout, UsernamePasswordAuthentication, DefaultResources, DefaultLoginPageGenerating, DefaultLogoutPageGenerating, RequestCacheAware, SecurityContextHolderAwareRequest, AnonymousAuthentication, ExceptionTranslation, Authorization] (1/1)
[2025-02-28 10:59:56] DEBUG [http-nio-8080-exec-4] o.s.security.web.FilterChainProxy - Securing POST /login_proc
[2025-02-28 10:59:56] TRACE [http-nio-8080-exec-4] o.s.security.web.FilterChainProxy - Invoking DisableEncodeUrlFilter (1/15)
[2025-02-28 10:59:56] TRACE [http-nio-8080-exec-4] o.s.security.web.FilterChainProxy - Invoking WebAsyncManagerIntegrationFilter (2/15)
[2025-02-28 10:59:56] TRACE [http-nio-8080-exec-4] o.s.security.web.FilterChainProxy - Invoking SecurityContextHolderFilter (3/15)
[2025-02-28 10:59:56] TRACE [http-nio-8080-exec-4] o.s.security.web.FilterChainProxy - Invoking HeaderWriterFilter (4/15)
[2025-02-28 10:59:56] TRACE [http-nio-8080-exec-4] o.s.security.web.FilterChainProxy - Invoking CsrfFilter (5/15)
[2025-02-28 10:59:56] TRACE [http-nio-8080-exec-4] o.s.security.web.FilterChainProxy - Invoking LogoutFilter (6/15)
[2025-02-28 10:59:56] TRACE [http-nio-8080-exec-4] o.s.s.w.a.logout.LogoutFilter - Did not match request to Ant [pattern='/logout', POST]
[2025-02-28 10:59:56] TRACE [http-nio-8080-exec-4] o.s.security.web.FilterChainProxy - Invoking UsernamePasswordAuthenticationFilter (7/15)
[2025-02-28 10:59:56] TRACE [http-nio-8080-exec-4] o.s.s.authentication.ProviderManager - Authenticating request with DaoAuthenticationProvider (1/1)
[2025-02-28 10:59:56] DEBUG [http-nio-8080-exec-4] o.s.s.a.d.DaoAuthenticationProvider - Authenticated user
[2025-02-28 10:59:56] TRACE [http-nio-8080-exec-4] o.s.s.w.a.s.CompositeSessionAuthenticationStrategy - Preparing session with ChangeSessionIdAuthenticationStrategy (1/2)
[2025-02-28 10:59:56] DEBUG [http-nio-8080-exec-4] o.s.s.w.a.s.ChangeSessionIdAuthenticationStrategy - Changed session id from 8E6A876BA8534C5CF3F767B3FDCF2A69
[2025-02-28 10:59:56] TRACE [http-nio-8080-exec-4] o.s.s.w.a.s.CompositeSessionAuthenticationStrategy - Preparing session with CsrfAuthenticationStrategy (2/2)
[2025-02-28 10:59:56] DEBUG [http-nio-8080-exec-4] o.s.s.w.c.CsrfAuthenticationStrategy - Replaced CSRF Token
[2025-02-28 10:59:56] DEBUG [http-nio-8080-exec-4] o.s.s.w.c.HttpSessionSecurityContextRepository - Stored SecurityContextImpl [Authentication=UsernamePasswordAuthenticationToken [Principal=org.springframework.security.core.userdetails.User [Username=admin, Password=[PROTECTED], Enabled=true, AccountNonExpired=true, CredentialsNonExpired=true, AccountNonLocked=true, Granted Authorities=[]], Credentials=[PROTECTED], Authenticated=true, Details=WebAuthenticationDetails [RemoteIpAddress=0:0:0:0:0:0:0:1, SessionId=8E6A876BA8534C5CF3F767B3FDCF2A69], Granted Authorities=[]]] to HttpSession [org.apache.catalina.session.StandardSessionFacade@e1054da]
[2025-02-28 10:59:56] DEBUG [http-nio-8080-exec-4] o.s.s.w.a.UsernamePasswordAuthenticationFilter - Set SecurityContextHolder to UsernamePasswordAuthenticationToken [Principal=org.springframework.security.core.userdetails.User [Username=admin, Password=[PROTECTED], Enabled=true, AccountNonExpired=true, CredentialsNonExpired=true, AccountNonLocked=true, Granted Authorities=[]], Credentials=[PROTECTED], Authenticated=true, Details=WebAuthenticationDetails [RemoteIpAddress=0:0:0:0:0:0:0:1, SessionId=8E6A876BA8534C5CF3F767B3FDCF2A69], Granted Authorities=[]]
[2025-02-28 10:59:56] TRACE [http-nio-8080-exec-4] o.s.s.w.h.writers.HstsHeaderWriter - Not injecting HSTS header since it did not match request to [Is Secure]
[2025-02-28 10:59:56] TRACE [http-nio-8080-exec-5] o.s.security.web.FilterChainProxy - Trying to match request against DefaultSecurityFilterChain defined as 'securityFilterChain' in [class path resource [com/example/security/SecurityConfig.class]] matching [any request] and having filters [DisableEncodeUrl, WebAsyncManagerIntegration, SecurityContextHolder, HeaderWriter, Csrf, Logout, UsernamePasswordAuthentication, DefaultResources, DefaultLoginPageGenerating, DefaultLogoutPageGenerating, RequestCacheAware, SecurityContextHolderAwareRequest, AnonymousAuthentication, ExceptionTranslation, Authorization] (1/1)
[2025-02-28 10:59:56] DEBUG [http-nio-8080-exec-5] o.s.security.web.FilterChainProxy - Securing GET /info
[2025-02-28 10:59:56] TRACE [http-nio-8080-exec-5] o.s.security.web.FilterChainProxy - Invoking DisableEncodeUrlFilter (1/15)
[2025-02-28 10:59:56] TRACE [http-nio-8080-exec-5] o.s.security.web.FilterChainProxy - Invoking WebAsyncManagerIntegrationFilter (2/15)
[2025-02-28 10:59:56] TRACE [http-nio-8080-exec-5] o.s.security.web.FilterChainProxy - Invoking SecurityContextHolderFilter (3/15)
[2025-02-28 10:59:56] TRACE [http-nio-8080-exec-5] o.s.security.web.FilterChainProxy - Invoking HeaderWriterFilter (4/15)
[2025-02-28 10:59:56] TRACE [http-nio-8080-exec-5] o.s.security.web.FilterChainProxy - Invoking CsrfFilter (5/15)
[2025-02-28 10:59:56] TRACE [http-nio-8080-exec-5] o.s.security.web.csrf.CsrfFilter - Did not protect against CSRF since request did not match CsrfNotRequired [TRACE, HEAD, GET, OPTIONS]
[2025-02-28 10:59:56] TRACE [http-nio-8080-exec-5] o.s.security.web.FilterChainProxy - Invoking LogoutFilter (6/15)
[2025-02-28 10:59:56] TRACE [http-nio-8080-exec-5] o.s.s.w.a.logout.LogoutFilter - Did not match request to Ant [pattern='/logout', POST]
[2025-02-28 10:59:56] TRACE [http-nio-8080-exec-5] o.s.security.web.FilterChainProxy - Invoking UsernamePasswordAuthenticationFilter (7/15)
[2025-02-28 10:59:56] TRACE [http-nio-8080-exec-5] o.s.s.w.a.UsernamePasswordAuthenticationFilter - Did not match request to Ant [pattern='/login_proc', POST]
[2025-02-28 10:59:56] TRACE [http-nio-8080-exec-5] o.s.security.web.FilterChainProxy - Invoking DefaultResourcesFilter (8/15)
[2025-02-28 10:59:56] TRACE [http-nio-8080-exec-5] o.s.security.web.FilterChainProxy - Invoking DefaultLoginPageGeneratingFilter (9/15)
[2025-02-28 10:59:56] TRACE [http-nio-8080-exec-5] o.s.security.web.FilterChainProxy - Invoking DefaultLogoutPageGeneratingFilter (10/15)
[2025-02-28 10:59:56] TRACE [http-nio-8080-exec-5] o.s.s.w.a.u.DefaultLogoutPageGeneratingFilter - Did not render default logout page since request did not match [Ant [pattern='/logout', GET]]
[2025-02-28 10:59:56] TRACE [http-nio-8080-exec-5] o.s.security.web.FilterChainProxy - Invoking RequestCacheAwareFilter (11/15)
[2025-02-28 10:59:56] TRACE [http-nio-8080-exec-5] o.s.s.w.s.HttpSessionRequestCache - matchingRequestParameterName is required for getMatchingRequest to lookup a value, but not provided
[2025-02-28 10:59:56] TRACE [http-nio-8080-exec-5] o.s.security.web.FilterChainProxy - Invoking SecurityContextHolderAwareRequestFilter (12/15)
[2025-02-28 10:59:56] TRACE [http-nio-8080-exec-5] o.s.security.web.FilterChainProxy - Invoking AnonymousAuthenticationFilter (13/15)
[2025-02-28 10:59:56] TRACE [http-nio-8080-exec-5] o.s.security.web.FilterChainProxy - Invoking ExceptionTranslationFilter (14/15)
[2025-02-28 10:59:56] TRACE [http-nio-8080-exec-5] o.s.security.web.FilterChainProxy - Invoking AuthorizationFilter (15/15)
[2025-02-28 10:59:56] TRACE [http-nio-8080-exec-5] o.s.s.w.a.i.RequestMatcherDelegatingAuthorizationManager - Authorizing GET /info
[2025-02-28 10:59:56] TRACE [http-nio-8080-exec-5] o.s.s.w.a.i.RequestMatcherDelegatingAuthorizationManager - Checking authorization on GET /info using org.springframework.security.authorization.AuthenticatedAuthorizationManager@7110529c
[2025-02-28 10:59:56] TRACE [http-nio-8080-exec-5] o.s.s.w.c.HttpSessionSecurityContextRepository - Retrieved SecurityContextImpl [Authentication=UsernamePasswordAuthenticationToken [Principal=org.springframework.security.core.userdetails.User [Username=admin, Password=[PROTECTED], Enabled=true, AccountNonExpired=true, CredentialsNonExpired=true, AccountNonLocked=true, Granted Authorities=[]], Credentials=[PROTECTED], Authenticated=true, Details=WebAuthenticationDetails [RemoteIpAddress=0:0:0:0:0:0:0:1, SessionId=8E6A876BA8534C5CF3F767B3FDCF2A69], Granted Authorities=[]]] from SPRING_SECURITY_CONTEXT
[2025-02-28 10:59:56] TRACE [http-nio-8080-exec-5] o.s.s.w.a.AnonymousAuthenticationFilter - Did not set SecurityContextHolder since already authenticated UsernamePasswordAuthenticationToken [Principal=org.springframework.security.core.userdetails.User [Username=admin, Password=[PROTECTED], Enabled=true, AccountNonExpired=true, CredentialsNonExpired=true, AccountNonLocked=true, Granted Authorities=[]], Credentials=[PROTECTED], Authenticated=true, Details=WebAuthenticationDetails [RemoteIpAddress=0:0:0:0:0:0:0:1, SessionId=8E6A876BA8534C5CF3F767B3FDCF2A69], Granted Authorities=[]]
[2025-02-28 10:59:56] DEBUG [http-nio-8080-exec-5] o.s.security.web.FilterChainProxy - Secured GET /info
[2025-02-28 10:59:56] TRACE [http-nio-8080-exec-5] o.s.s.w.h.writers.HstsHeaderWriter - Not injecting HSTS header since it did not match request to [Is Secure]
[2025-02-28 10:59:59] TRACE [http-nio-8080-exec-6] o.s.security.web.FilterChainProxy - Trying to match request against DefaultSecurityFilterChain defined as 'securityFilterChain' in [class path resource [com/example/security/SecurityConfig.class]] matching [any request] and having filters [DisableEncodeUrl, WebAsyncManagerIntegration, SecurityContextHolder, HeaderWriter, Csrf, Logout, UsernamePasswordAuthentication, DefaultResources, DefaultLoginPageGenerating, DefaultLogoutPageGenerating, RequestCacheAware, SecurityContextHolderAwareRequest, AnonymousAuthentication, ExceptionTranslation, Authorization] (1/1)
[2025-02-28 10:59:59] DEBUG [http-nio-8080-exec-6] o.s.security.web.FilterChainProxy - Securing GET /info
[2025-02-28 10:59:59] TRACE [http-nio-8080-exec-6] o.s.security.web.FilterChainProxy - Invoking DisableEncodeUrlFilter (1/15)
[2025-02-28 10:59:59] TRACE [http-nio-8080-exec-6] o.s.security.web.FilterChainProxy - Invoking WebAsyncManagerIntegrationFilter (2/15)
[2025-02-28 10:59:59] TRACE [http-nio-8080-exec-6] o.s.security.web.FilterChainProxy - Invoking SecurityContextHolderFilter (3/15)
[2025-02-28 10:59:59] TRACE [http-nio-8080-exec-6] o.s.security.web.FilterChainProxy - Invoking HeaderWriterFilter (4/15)
[2025-02-28 10:59:59] TRACE [http-nio-8080-exec-6] o.s.security.web.FilterChainProxy - Invoking CsrfFilter (5/15)
[2025-02-28 10:59:59] TRACE [http-nio-8080-exec-6] o.s.security.web.csrf.CsrfFilter - Did not protect against CSRF since request did not match CsrfNotRequired [TRACE, HEAD, GET, OPTIONS]
[2025-02-28 10:59:59] TRACE [http-nio-8080-exec-6] o.s.security.web.FilterChainProxy - Invoking LogoutFilter (6/15)
[2025-02-28 10:59:59] TRACE [http-nio-8080-exec-6] o.s.s.w.a.logout.LogoutFilter - Did not match request to Ant [pattern='/logout', POST]
[2025-02-28 10:59:59] TRACE [http-nio-8080-exec-6] o.s.security.web.FilterChainProxy - Invoking UsernamePasswordAuthenticationFilter (7/15)
[2025-02-28 10:59:59] TRACE [http-nio-8080-exec-6] o.s.s.w.a.UsernamePasswordAuthenticationFilter - Did not match request to Ant [pattern='/login_proc', POST]
[2025-02-28 10:59:59] TRACE [http-nio-8080-exec-6] o.s.security.web.FilterChainProxy - Invoking DefaultResourcesFilter (8/15)
[2025-02-28 10:59:59] TRACE [http-nio-8080-exec-6] o.s.security.web.FilterChainProxy - Invoking DefaultLoginPageGeneratingFilter (9/15)
[2025-02-28 10:59:59] TRACE [http-nio-8080-exec-6] o.s.security.web.FilterChainProxy - Invoking DefaultLogoutPageGeneratingFilter (10/15)
[2025-02-28 10:59:59] TRACE [http-nio-8080-exec-6] o.s.s.w.a.u.DefaultLogoutPageGeneratingFilter - Did not render default logout page since request did not match [Ant [pattern='/logout', GET]]
[2025-02-28 10:59:59] TRACE [http-nio-8080-exec-6] o.s.security.web.FilterChainProxy - Invoking RequestCacheAwareFilter (11/15)
[2025-02-28 10:59:59] TRACE [http-nio-8080-exec-6] o.s.s.w.s.HttpSessionRequestCache - matchingRequestParameterName is required for getMatchingRequest to lookup a value, but not provided
[2025-02-28 10:59:59] TRACE [http-nio-8080-exec-6] o.s.security.web.FilterChainProxy - Invoking SecurityContextHolderAwareRequestFilter (12/15)
[2025-02-28 10:59:59] TRACE [http-nio-8080-exec-6] o.s.security.web.FilterChainProxy - Invoking AnonymousAuthenticationFilter (13/15)
[2025-02-28 10:59:59] TRACE [http-nio-8080-exec-6] o.s.security.web.FilterChainProxy - Invoking ExceptionTranslationFilter (14/15)
[2025-02-28 10:59:59] TRACE [http-nio-8080-exec-6] o.s.security.web.FilterChainProxy - Invoking AuthorizationFilter (15/15)
[2025-02-28 10:59:59] TRACE [http-nio-8080-exec-6] o.s.s.w.a.i.RequestMatcherDelegatingAuthorizationManager - Authorizing GET /info
[2025-02-28 10:59:59] TRACE [http-nio-8080-exec-6] o.s.s.w.a.i.RequestMatcherDelegatingAuthorizationManager - Checking authorization on GET /info using org.springframework.security.authorization.AuthenticatedAuthorizationManager@7110529c
[2025-02-28 10:59:59] TRACE [http-nio-8080-exec-6] o.s.s.w.c.HttpSessionSecurityContextRepository - Retrieved SecurityContextImpl [Authentication=UsernamePasswordAuthenticationToken [Principal=org.springframework.security.core.userdetails.User [Username=admin, Password=[PROTECTED], Enabled=true, AccountNonExpired=true, CredentialsNonExpired=true, AccountNonLocked=true, Granted Authorities=[]], Credentials=[PROTECTED], Authenticated=true, Details=WebAuthenticationDetails [RemoteIpAddress=0:0:0:0:0:0:0:1, SessionId=8E6A876BA8534C5CF3F767B3FDCF2A69], Granted Authorities=[]]] from SPRING_SECURITY_CONTEXT
[2025-02-28 10:59:59] TRACE [http-nio-8080-exec-6] o.s.s.w.a.AnonymousAuthenticationFilter - Did not set SecurityContextHolder since already authenticated UsernamePasswordAuthenticationToken [Principal=org.springframework.security.core.userdetails.User [Username=admin, Password=[PROTECTED], Enabled=true, AccountNonExpired=true, CredentialsNonExpired=true, AccountNonLocked=true, Granted Authorities=[]], Credentials=[PROTECTED], Authenticated=true, Details=WebAuthenticationDetails [RemoteIpAddress=0:0:0:0:0:0:0:1, SessionId=8E6A876BA8534C5CF3F767B3FDCF2A69], Granted Authorities=[]]
[2025-02-28 10:59:59] DEBUG [http-nio-8080-exec-6] o.s.security.web.FilterChainProxy - Secured GET /info
[2025-02-28 10:59:59] TRACE [http-nio-8080-exec-6] o.s.s.w.h.writers.HstsHeaderWriter - Not injecting HSTS header since it did not match request to [Is Secure]
